#
# There is insufficient memory for the Java Runtime Environment to continue.
# Native memory allocation (mmap) failed to map 268435456 bytes for G1 virtual space
# Possible reasons:
#   The system is out of physical RAM or swap space
#   The process is running with CompressedOops enabled, and the Java Heap may be blocking the growth of the native heap
# Possible solutions:
#   Reduce memory load on the system
#   Increase physical memory or swap space
#   Check if swap backing store is full
#   Decrease Java heap size (-Xmx/-Xms)
#   Decrease number of Java threads
#   Decrease Java thread stack sizes (-Xss)
#   Set larger code cache with -XX:ReservedCodeCacheSize=
#   JVM is running with Zero Based Compressed Oops mode in which the Java heap is
#     placed in the first 32GB address space. The Java Heap base address is the
#     maximum limit for the native heap growth. Please use -XX:HeapBaseMinAddress
#     to set the Java Heap base and to place the Java Heap above 32GB virtual address.
# This output file may be truncated or incomplete.
#
#  Out of Memory Error (os_windows.cpp:3600), pid=11252, tid=19152
#
# JRE version:  (21.0.2+13) (build )
# Java VM: Java HotSpot(TM) 64-Bit Server VM (21.0.2+13-LTS-58, mixed mode, emulated-client, sharing, tiered, compressed oops, compressed class ptrs, g1 gc, windows-amd64)
# No core dump will be written. Minidumps are not enabled by default on client versions of Windows
#

---------------  S U M M A R Y ------------

Command Line: -XX:TieredStopAtLevel=1 -Dspring.output.ansi.enabled=always -Dcom.sun.management.jmxremote -Dspring.jmx.enabled=true -Dspring.liveBeansView.mbeanDomain -Dspring.application.admin.enabled=true -Dmanagement.endpoints.jmx.exposure.include=* -javaagent:C:\Program Files\JetBrains\IntelliJ IDEA 2023.3.6\lib\idea_rt.jar=55189:C:\Program Files\JetBrains\IntelliJ IDEA 2023.3.6\bin -Dfile.encoding=UTF-8 -Dsun.stdout.encoding=UTF-8 -Dsun.stderr.encoding=UTF-8 com.swifttech.messageservice.MessageServiceApplication

Host: Intel(R) Core(TM) i5-7200U CPU @ 2.50GHz, 4 cores, 15G,  Windows 10 , 64 bit Build 19041 (10.0.19041.3636)
Time: Thu Mar 28 22:27:05 2024 Nepal Standard Time elapsed time: 0.303238 seconds (0d 0h 0m 0s)

---------------  T H R E A D  ---------------

Current thread (0x00000278b4250080):  JavaThread "Unknown thread" [_thread_in_vm, id=19152, stack(0x000000f351a00000,0x000000f351b00000) (1024K)]

Stack: [0x000000f351a00000,0x000000f351b00000]
Native frames: (J=compiled Java code, j=interpreted, Vv=VM code, C=native code)
V  [jvm.dll+0x6cade9]
V  [jvm.dll+0x8569c1]
V  [jvm.dll+0x858d2e]
V  [jvm.dll+0x859413]
V  [jvm.dll+0x280e56]
V  [jvm.dll+0x6c74d5]
V  [jvm.dll+0x6bbeca]
V  [jvm.dll+0x355bca]
V  [jvm.dll+0x35d816]
V  [jvm.dll+0x3ae67e]
V  [jvm.dll+0x3ae928]
V  [jvm.dll+0x3295dc]
V  [jvm.dll+0x32a16b]
V  [jvm.dll+0x81efa9]
V  [jvm.dll+0x3bba01]
V  [jvm.dll+0x807928]
V  [jvm.dll+0x44f50e]
V  [jvm.dll+0x450e11]
C  [jli.dll+0x52a3]
C  [ucrtbase.dll+0x21bb2]
C  [KERNEL32.DLL+0x17344]
C  [ntdll.dll+0x526b1]


---------------  P R O C E S S  ---------------

Threads class SMR info:
_java_thread_list=0x00007ffcbc0fbb88, length=0, elements={
}

Java Threads: ( => current thread )
Total: 0

Other Threads:
  0x00000278b4281c20 WorkerThread "GC Thread#0"                     [id=14760, stack(0x000000f351b00000,0x000000f351c00000) (1024K)]
  0x00000278b4b3ebd0 ConcurrentGCThread "G1 Main Marker"            [id=12784, stack(0x000000f351c00000,0x000000f351d00000) (1024K)]
  0x00000278b4293a50 WorkerThread "G1 Conc#0"                       [id=17340, stack(0x000000f351d00000,0x000000f351e00000) (1024K)]

[error occurred during error reporting (printing all threads), id 0xc0000005, EXCEPTION_ACCESS_VIOLATION (0xc0000005) at pc=0x00007ffcbb86c6a7]
VM state: not at safepoint (not fully initialized)

VM Mutex/Monitor currently owned by a thread:  ([mutex/lock_event])
[0x00007ffcbc16ce68] Heap_lock - owner thread: 0x00000278b4250080

Heap address: 0x0000000701c00000, size: 4068 MB, Compressed Oops mode: Zero based, Oop shift amount: 3

CDS archive(s) mapped at: [0x0000000000000000-0x0000000000000000-0x0000000000000000), size 0, SharedBaseAddress: 0x0000000800000000, ArchiveRelocationMode: 1.
Narrow klass base: 0x0000000000000000, Narrow klass shift: 0, Narrow klass range: 0x0

GC Precious Log:
 CardTable entry size: 512
 Card Set container configuration: InlinePtr #cards 4 size 8 Array Of Cards #cards 16 size 48 Howl #buckets 8 coarsen threshold 3686 Howl Bitmap #cards 512 size 80 coarsen threshold 460 Card regions per heap region 1 cards per card region 4096

Heap:
 garbage-first heap   total 0K, used 0K [0x0000000701c00000, 0x0000000800000000)
  region size 2048K, 0 young (0K), 0 survivors (0K)

[error occurred during error reporting (printing heap information), id 0xc0000005, EXCEPTION_ACCESS_VIOLATION (0xc0000005) at pc=0x00007ffcbbc539f9]
GC Heap History (0 events):
No events

Dll operation events (1 events):
Event: 0.186 Loaded shared library C:\Program Files\Java\jdk-21\bin\java.dll

Deoptimization events (0 events):
No events

Classes loaded (0 events):
No events

Classes unloaded (0 events):
No events

Classes redefined (0 events):
No events

Internal exceptions (0 events):
No events

ZGC Phase Switch (0 events):
No events

VM Operations (0 events):
No events

Events (0 events):
No events


Dynamic libraries:
0x00007ff633480000 - 0x00007ff633490000 	C:\Program Files\Java\jdk-21\bin\java.exe
0x00007ffd4a130000 - 0x00007ffd4a328000 	C:\Windows\SYSTEM32\ntdll.dll
0x00007ffd48690000 - 0x00007ffd4874d000 	C:\Windows\System32\KERNEL32.DLL
0x00007ffd47bc0000 - 0x00007ffd47eb6000 	C:\Windows\System32\KERNELBASE.dll
0x00007ffd47890000 - 0x00007ffd47990000 	C:\Windows\System32\ucrtbase.dll
0x00007ffd38de0000 - 0x00007ffd38df9000 	C:\Program Files\Java\jdk-21\bin\jli.dll
0x00007ffd48a20000 - 0x00007ffd48ad3000 	C:\Windows\System32\ADVAPI32.dll
0x00007ffd48db0000 - 0x00007ffd48e4e000 	C:\Windows\System32\msvcrt.dll
0x00007ffd48930000 - 0x00007ffd489cf000 	C:\Windows\System32\sechost.dll
0x00007ffd487d0000 - 0x00007ffd488f6000 	C:\Windows\System32\RPCRT4.dll
0x00007ffd47a50000 - 0x00007ffd47a77000 	C:\Windows\System32\bcrypt.dll
0x00007ffd49720000 - 0x00007ffd498be000 	C:\Windows\System32\USER32.dll
0x00007ffd47ec0000 - 0x00007ffd47ee2000 	C:\Windows\System32\win32u.dll
0x00007ffd48900000 - 0x00007ffd4892b000 	C:\Windows\System32\GDI32.dll
0x00007ffd48050000 - 0x00007ffd48167000 	C:\Windows\System32\gdi32full.dll
0x00007ffd477f0000 - 0x00007ffd4788d000 	C:\Windows\System32\msvcp_win.dll
0x00007ffd359f0000 - 0x00007ffd35a0b000 	C:\Program Files\Java\jdk-21\bin\VCRUNTIME140.dll
0x00007ffd34e80000 - 0x00007ffd3511a000 	C:\Windows\WinSxS\amd64_microsoft.windows.common-controls_6595b64144ccf1df_6.0.19041.3636_none_60b6a03d71f818d5\COMCTL32.dll
0x00007ffd40230000 - 0x00007ffd4023a000 	C:\Windows\SYSTEM32\VERSION.dll
0x00007ffd489d0000 - 0x00007ffd48a02000 	C:\Windows\System32\IMM32.DLL
0x00007ffd31f80000 - 0x00007ffd320eb000 	C:\Windows\system32\tmumh\20019\AddOn\8.55.0.1129\TmUmEvt64.dll
0x00007ffd48a10000 - 0x00007ffd48a18000 	C:\Windows\System32\PSAPI.DLL
0x0000000076180000 - 0x00000000762f3000 	C:\Windows\system32\tmumh\20019\TmMon\2.9.0.1048\tmmon64.dll
0x00007ffd3fdb0000 - 0x00007ffd3fdbc000 	C:\Program Files\Java\jdk-21\bin\vcruntime140_1.dll
0x00007ffd13300000 - 0x00007ffd1338e000 	C:\Program Files\Java\jdk-21\bin\msvcp140.dll
0x00007ffcbb530000 - 0x00007ffcbc247000 	C:\Program Files\Java\jdk-21\bin\server\jvm.dll
0x00007ffd48e50000 - 0x00007ffd48ebb000 	C:\Windows\System32\WS2_32.dll
0x00007ffd47650000 - 0x00007ffd4769b000 	C:\Windows\SYSTEM32\POWRPROF.dll
0x00007ffd352e0000 - 0x00007ffd35307000 	C:\Windows\SYSTEM32\WINMM.dll
0x00007ffd47630000 - 0x00007ffd47642000 	C:\Windows\SYSTEM32\UMPDC.dll
0x00007ffd46190000 - 0x00007ffd461a2000 	C:\Windows\SYSTEM32\kernel.appcore.dll
0x00007ffd3fc10000 - 0x00007ffd3fc1a000 	C:\Program Files\Java\jdk-21\bin\jimage.dll
0x00007ffd30a40000 - 0x00007ffd30c24000 	C:\Windows\SYSTEM32\DBGHELP.DLL
0x00007ffd30a00000 - 0x00007ffd30a34000 	C:\Windows\SYSTEM32\dbgcore.DLL
0x00007ffd47a80000 - 0x00007ffd47b02000 	C:\Windows\System32\bcryptPrimitives.dll
0x00007ffd3fbc0000 - 0x00007ffd3fbcf000 	C:\Program Files\Java\jdk-21\bin\instrument.dll
0x00007ffd35200000 - 0x00007ffd3521f000 	C:\Program Files\Java\jdk-21\bin\java.dll

dbghelp: loaded successfully - version: 4.0.5 - missing functions: none
symbol engine: initialized successfully - sym options: 0x614 - pdb path: .;C:\Program Files\Java\jdk-21\bin;C:\Windows\SYSTEM32;C:\Windows\WinSxS\amd64_microsoft.windows.common-controls_6595b64144ccf1df_6.0.19041.3636_none_60b6a03d71f818d5;C:\Windows\system32\tmumh\20019\AddOn\8.55.0.1129;C:\Windows\system32\tmumh\20019\TmMon\2.9.0.1048;C:\Program Files\Java\jdk-21\bin\server

VM Arguments:
jvm_args: -XX:TieredStopAtLevel=1 -Dspring.output.ansi.enabled=always -Dcom.sun.management.jmxremote -Dspring.jmx.enabled=true -Dspring.liveBeansView.mbeanDomain -Dspring.application.admin.enabled=true -Dmanagement.endpoints.jmx.exposure.include=* -javaagent:C:\Program Files\JetBrains\IntelliJ IDEA 2023.3.6\lib\idea_rt.jar=55189:C:\Program Files\JetBrains\IntelliJ IDEA 2023.3.6\bin -Dfile.encoding=UTF-8 -Dsun.stdout.encoding=UTF-8 -Dsun.stderr.encoding=UTF-8 
java_command: com.swifttech.messageservice.MessageServiceApplication
java_class_path (initial): D:\Remittance_v2\message-service\build\classes\java\main;D:\Remittance_v2\message-service\build\resources\main;C:\Users\souraj.khadka\.m2\repository\org\mapstruct\mapstruct-processor\1.5.5.Final\mapstruct-processor-1.5.5.Final.jar;C:\Users\souraj.khadka\.gradle\caches\modules-2\files-2.1\org.projectlombok\lombok-mapstruct-binding\0.1.0\58d622d7a4f58328dfe474491a573191bddcac5e\lombok-mapstruct-binding-0.1.0.jar;C:\Users\souraj.khadka\.m2\repository\org\projectlombok\lombok\1.18.30\lombok-1.18.30.jar;C:\Users\souraj.khadka\.gradle\caches\modules-2\files-2.1\org.springframework.boot\spring-boot-starter-oauth2-resource-server\3.2.2\8d71b3dd52be0068cb505de076493c991085a5f1\spring-boot-starter-oauth2-resource-server-3.2.2.jar;C:\Users\souraj.khadka\.gradle\caches\modules-2\files-2.1\org.modelmapper\modelmapper\3.2.0\7664b15466a898625b394af6000439c5799a5d2b\modelmapper-3.2.0.jar;C:\Users\souraj.khadka\.m2\repository\org\springframework\boot\spring-boot-starter-test\3.2.2\spring-boot-starter-test-3.2.2.jar;C:\Users\souraj.khadka\.gradle\caches\modules-2\files-2.1\org.springframework.boot\spring-boot-starter-webflux\3.2.2\25ae11864604f8f7b504b9feae710b859aed6464\spring-boot-starter-webflux-3.2.2.jar;C:\Users\souraj.khadka\.m2\repository\org\springframework\boot\spring-boot-starter-web\3.2.2\spring-boot-starter-web-3.2.2.jar;C:\Users\souraj.khadka\.gradle\caches\modules-2\files-2.1\net.logstash.logback\logstash-logback-encoder\7.2\39b32bfeadafa6b6ba5c142b94be1f0dad5e6cd\logstash-logback-encoder-7.2.jar;C:\Users\souraj.khadka\.m2\repository\org\springframework\boot\spring-boot-starter-data-jpa\3.2.2\spring-boot-starter-data-jpa-3.2.2.jar;C:\Users\souraj.khadka\.gradle\caches\modules-2\files-2.1\org.springdoc\springdoc-openapi-starter-webmvc-ui\2.3.0\b4af31e9d40539c94f8debbf760134d961333c24\springdoc-openapi-starter-webmvc-ui-2.3.0.jar;C:\Users\souraj.khadka\.m2\repository\org\mapstruct\mapstruct\1.5.5.Final\mapstruct-1.5.5.Final.jar;C:\Users\souraj.khadka\.gradle\caches\modules-2\files-2.1\io.hypersistence\hypersistence-utils-hibernate-63\3.7.3\9af27ba378cc349dd025ea6070604fb0645b6e05\hypersistence-utils-hibernate-63-3.7.3.jar;C:\Users\souraj.khadka\.m2\repository\org\springframework\boot\spring-boot-starter-validation\3.2.2\spring-boot-starter-validation-3.2.2.jar;C:\Users\souraj.khadka\.m2\repository\org\springframework\boot\spring-boot-starter\3.2.2\spring-boot-starter-3.2.2.jar;C:\Users\souraj.khadka\.m2\repository\org\springframework\security\spring-security-config\6.2.1\spring-security-config-6.2.1.jar;C:\Users\souraj.khadka\.gradle\caches\modules-2\files-2.1\org.springframework.security\spring-security-oauth2-resource-server\6.2.1\3d36a1686bdd96d6cd8f90f34bef7b59b4b7feb2\spring-security-oauth2-resource-server-6.2.1.jar;C:\Users\souraj.khadka\.gradle\caches\modules-2\files-2.1\org.springframework.security\spring-security-oauth2-jose\6.2.1\9bb10fe87a2dfff27075dd09586075645907b44d\spring-security-oauth2-jose-6.2.1.jar;C:\Users\souraj.khadka\.m2\repository\org\springframework\security\spring-security-core\6.2.1\spring-security-core-6.2.1.jar;C:\Users\souraj.khadka\.m2\repository\org\springframework\boot\spring-boot-test-autoconfigure\3.2.2\spring-boot-test-autoconfigure-3.2.2.jar;C:\Users\souraj.khadka\.m2\repository\org\springframework\boot\spring-boot-test\3.2.2\spring-boot-test-3.2.2.jar;C:\Users\souraj.khadka\.m2\repository\com\jayway\jsonpath\json-path\2.8.0\json-path-2.8.0.jar;C:\Users\souraj.khadka\.m2\repository\jakarta\xml\bind\jakarta.xml.bind-api\4.0.1\jakarta.xml.bind-api-4.0.1.jar;C:\Users\souraj.khadka\.m2\repository\net\minidev\json-smart\2.5.0\json-smart-2.5.0.jar;C:\Users\souraj.khadka\.m2\repository\org\assertj\assertj-core\3.24.2\assertj-core-3.24.2.jar;C:\Users\souraj.khadka\.m2\repository\org\awaitility\awaitility\4.2.0\awaitility-4.2.0.jar;C:\Users\souraj.khadka\.m2\repository\org\hamcrest\hamcrest\2.2\hamcrest-2.2.jar;C:\Users\souraj.khadka\.m2\repository\org\junit\jupiter\junit-jupiter\5.10.1\junit-jupiter-5.10.1.jar;C:\Users\souraj.khadka\.m2\repository\org\mockito\mockito-junit-jupiter\5.7.0\mockito-junit-jupiter-5.7.0.jar;C:\Users\souraj.khadka\.m2\repository\org\mockito\mockito-core\5.7.0\mockito-core-5.7.0.jar;C:\Users\souraj.khadka\.m2\repository\org\skyscreamer\jsonassert\1.5.1\jsonassert-1.5.1.jar;C:\Users\souraj.khadka\.m2\repository\org\springframework\spring-test\6.1.3\spring-test-6.1.3.jar;C:\Users\souraj.khadka\.m2\repository\org\springframework\spring-core\6.1.3\spring-core-6.1.3.jar;C:\Users\souraj.khadka\.m2\repository\org\xmlunit\xmlunit-core\2.9.1\xmlunit-core-2.9.1.jar;C:\Users\souraj.khadka\.m2\repository\org\springframework\boot\spring-boot-starter-json\3.2.2\spring-boot-starter-json-3.2.2.jar;C:\Users\souraj.khadka\.m2\repository\org\springframework\spring-webflux\6.1.3\spring-webflux-6.1.3.jar;C:\Users\souraj.khadka\.m2\repository\org\springframework\spring-web\6.1.3\spring-web-6.1.3.jar;C:\Users\souraj.khadka\.gradle\caches\modules-2\files-2.1\org.springframework.boot\spring-boot-starter-reactor-netty\3.2.2\cf32e5dc15e455a17aa833eeefb9d0f0eb9f6c4e\spring-boot-starter-reactor-netty-3.2.2.jar;C:\Users\souraj.khadka\.m2\repository\org\springframework\spring-webmvc\6.1.3\spring-webmvc-6.1.3.jar;C:\Users\souraj.khadka\.m2\repository\org\springframework\boot\spring-boot-starter-tomcat\3.2.2\spring-boot-starter-tomcat-3.2.2.jar;C:\Users\souraj.khadka\.m2\repository\com\fasterxml\jackson\core\jackson-databind\2.15.3\jackson-databind-2.15.3.jar;C:\Users\souraj.khadka\.m2\repository\org\springframework\boot\spring-boot-starter-aop\3.2.2\spring-boot-starter-aop-3.2.2.jar;C:\Users\souraj.khadka\.m2\repository\org\springframework\boot\spring-boot-starter-jdbc\3.2.2\spring-boot-starter-jdbc-3.2.2.jar;C:\Users\souraj.khadka\.m2\repository\org\springframework\data\spring-data-jpa\3.2.2\spring-data-jpa-3.2.2.jar;C:\Users\souraj.khadka\.m2\repository\org\hibernate\orm\hibernate-core\6.4.1.Final\hibernate-core-6.4.1.Final.jar;C:\Users\souraj.khadka\.m2\repository\org\springframework\spring-aspects\6.1.3\spring-aspects-6.1.3.jar;C:\Users\souraj.khadka\.m2\repository\org\springdoc\springdoc-openapi-starter-webmvc-api\2.3.0\springdoc-openapi-starter-webmvc-api-2.3.0.jar;C:\Users\souraj.khadka\.gradle\caches\modules-2\files-2.1\org.webjars\swagger-ui\5.10.3\744ae2862cc79c137020f2ce6e07de2f1d6a2657\swagger-ui-5.10.3.jar;C:\Users\souraj.khadka\.gradle\caches\modules-2\files-2.1\io.hypersistence\hypersistence-tsid\2.1.1\a80cf39312e81f97c8c84924a52bd8fafb4bfea4\hypersistence-tsid-2.1.1.jar;C:\Users\souraj.khadka\.m2\repository\org\apache\tomcat\embed\tomcat-embed-el\10.1.18\tomcat-embed-el-10.1.18.jar;C:\Users\souraj.khadka\.m2\repository\org\hibernate\validator\hibernate-validator\8.0.1.Final\hibernate-validator-8.0.1.Final.jar;C:\Users\souraj.khadka\.m2\repository\org\springframework\boot\spring-boot-autoconfigure\3.2.2\spring-boot-autoconfigure-3.2.2.jar;C:\Users\souraj.khadka\.m2\repository\org\springframework\boot\spring-boot\3.2.2\spring-boot-3.2.2.jar;C:\Users\souraj.khadka\.m2\repository\org\springframework\boot\spring-boot-starter-logging\3.2.2\spring-boot-starter-logging-3.2.2.jar;C:\Users\souraj.khadka\.m2\repository\jakarta\annotation\jakarta.annotation-api\2.1.1\jakarta.annotation-api-2.1.1.jar;C:\Users\souraj.khadka\.m2\repository\org\yaml\snakeyaml\2.2\snakeyaml-2.2.jar;C:\Users\souraj.khadka\.m2\repository\org\springframework\spring-context\6.1.3\spring-context-6.1.3.jar;C:\Users\souraj.khadka\.m2\repository\org\springframework\spring-aop\6.1.3\spring-aop-6.1.3.jar;C:\Users\souraj.khadka\.m2\repository\org\springframework\spring-beans\6.1.3\spring-beans-6.1.3.jar;C:\Users\souraj.khadka\.gradle\caches\modules-2\files-2.1\org.springframework.security\spring-security-oauth2-core\6.2.1\1927cdcddce10f1f852e25ed3445e1f1b96c17ad\spring-security-oauth2-core-6.2.1.jar;C:\Users\souraj.khadka\.m2\repository\org\springframework\security\spring-security-web\6.2.1\spring-security-web-6.2.1.jar;C:\Users\souraj.khadka\.gradle\caches\modules-2\files-2.1\com.nimbusds\nimbus-jose-jwt\9.24.4\29a1f6a00a4daa3e1873f6bf4f16ddf4d6fd6d37\nimbus-jose-jwt-9.24.4.jar;C:\Users\souraj.khadka\.m2\repository\org\springframework\spring-expression\6.1.3\spring-expression-6.1.3.jar;C:\Users\souraj.khadka\.m2\repository\org\springframework\security\spring-security-crypto\6.2.1\spring-security-crypto-6.2.1.jar;C:\Users\souraj.khadka\.m2\repository\io\micrometer\micrometer-observation\1.12.2\micrometer-observation-1.12.2.jar;C:\Users\souraj.khadka\.m2\repository\jakarta\activation\jakarta.activation-api\2.1.2\jakarta.activation-api-2.1.2.jar;C:\Users\souraj.khadka\.m2\repository\net\minidev\accessors-smart\2.5.0\accessors-smart-2.5.0.jar;C:\Users\souraj.khadka\.m2\repository\net\bytebuddy\byte-buddy\1.14.11\byte-buddy-1.14.11.jar;C:\Users\souraj.khadka\.m2\repository\org\junit\jupiter\junit-jupiter-params\5.10.1\junit-jupiter-params-5.10.1.jar;C:\Users\souraj.khadka\.m2\repository\org\junit\jupiter\junit-jupiter-api\5.10.1\junit-jupiter-api-5.10.1.jar;C:\Users\souraj.khadka\.m2\repository\net\bytebuddy\byte-buddy-agent\1.14.11\byte-buddy-agent-1.14.11.jar;C:\Users\souraj.khadka\.m2\repository\com\vaadin\external\google\android-json\0.0.20131108.vaadin1\android-json-0.0.20131108.vaadin1.jar;C:\Users\souraj.khadka\.m2\repository\org\springframework\spring-jcl\6.1.3\spring-jcl-6.1.3.jar;C:\Users\souraj.khadka\.m2\repository\com\fasterxml\jackson\datatype\jackson-datatype-jdk8\2.15.3\jackson-datatype-jdk8-2.15.3.jar;C:\Users\souraj.khadka\.m2\repository\com\fasterxml\jackson\datatype\jackson-datatype-jsr310\2.15.3\jackson-datatype-jsr310-2.15.3.jar;C:\Users\souraj.khadka\.m2\repository\com\fasterxml\jackson\module\jackson-module-parameter-names\2.15.3\jackson-module-parameter-names-2.15.3.jar;C:\Users\souraj.khadka\.m2\repository\io\projectreactor\reactor-core\3.6.2\reactor-core-3.6.2.jar;C:\Users\souraj.khadka\.gradle\caches\modules-2\files-2.1\io.projectreactor.netty\reactor-netty-http\1.1.15\c79756fa2dfc28ac81fc9d23a14b17c656c3e560\reactor-netty-http-1.1.15.jar;C:\Users\souraj.khadka\.m2\repository\org\apache\tomcat\embed\tomcat-embed-websocket\10.1.18\tomcat-embed-websocket-10.1.18.jar;C:\Users\souraj.khadka\.m2\repository\org\apache\tomcat\embed\tomcat-embed-core\10.1.18\tomcat-embed-core-10.1.18.jar;C:\Users\souraj.khadka\.m2\repository\com\fasterxml\jackson\core\jackson-annotations\2.15.3\jackson-annotations-2.15.3.jar;C:\Users\souraj.khadka\.m2\repository\com\fasterxml\jackson\core\jackson-core\2.15.3\jackson-core-2.15.3.jar;C:\Users\souraj.khadka\.m2\repository\org\aspectj\aspectjweaver\1.9.21\aspectjweaver-1.9.21.jar;C:\Users\souraj.khadka\.m2\repository\org\springframework\spring-jdbc\6.1.3\spring-jdbc-6.1.3.jar;C:\Users\souraj.khadka\.m2\repository\com\zaxxer\HikariCP\5.0.1\HikariCP-5.0.1.jar;C:\Users\souraj.khadka\.m2\repository\org\springframework\spring-orm\6.1.3\spring-orm-6.1.3.jar;C:\Users\souraj.khadka\.m2\repository\org\springframework\data\spring-data-commons\3.2.2\spring-data-commons-3.2.2.jar;C:\Users\souraj.khadka\.m2\repository\org\springframework\spring-tx\6.1.3\spring-tx-6.1.3.jar;C:\Users\souraj.khadka\.m2\repository\org\antlr\antlr4-runtime\4.13.0\antlr4-runtime-4.13.0.jar;C:\Users\souraj.khadka\.m2\repository\org\slf4j\slf4j-api\2.0.11\slf4j-api-2.0.11.jar;C:\Users\souraj.khadka\.m2\repository\jakarta\persistence\jakarta.persistence-api\3.1.0\jakarta.persistence-api-3.1.0.jar;C:\Users\souraj.khadka\.m2\repository\jakarta\transaction\jakarta.transaction-api\2.0.1\jakarta.transaction-api-2.0.1.jar;C:\Users\souraj.khadka\.m2\repository\org\springdoc\springdoc-openapi-starter-common\2.3.0\springdoc-openapi-starter-common-2.3.0.jar;C:\Users\souraj.khadka\.m2\repository\jakarta\validation\jakarta.validation-api\3.0.2\jakarta.validation-api-3.0.2.jar;C:\Users\souraj.khadka\.m2\repository\org\jboss\logging\jboss-logging\3.5.3.Final\jboss-logging-3.5.3.Final.jar;C:\Users\souraj.khadka\.m2\repository\com\fasterxml\classmate\1.6.0\classmate-1.6.0.jar;C:\Users\souraj.khadka\.m2\repository\ch\qos\logback\logback-classic\1.4.14\logback-classic-1.4.14.jar;C:\Users\souraj.khadka\.m2\repository\org\apache\logging\log4j\log4j-to-slf4j\2.21.1\log4j-to-slf4j-2.21.1.jar;C:\Users\souraj.khadka\.m2\repository\org\slf4j\jul-to-slf4j\2.0.11\jul-to-slf4j-2.0.11.jar;C:\Users\souraj.khadka\.gradle\caches\modules-2\files-2.1\com.github.stephenc.jcip\jcip-annotations\1.0-1\ef31541dd28ae2cefdd17c7ebf352d93e9058c63\jcip-annotations-1.0-1.jar;C:\Users\souraj.khadka\.m2\repository\io\micrometer\micrometer-commons\1.12.2\micrometer-commons-1.12.2.jar;C:\Users\souraj.khadka\.m2\repository\org\ow2\asm\asm\9.3\asm-9.3.jar;C:\Users\souraj.khadka\.m2\repository\org\apiguardian\apiguardian-api\1.1.2\apiguardian-api-1.1.2.jar;C:\Users\souraj.khadka\.m2\repository\org\opentest4j\opentest4j\1.3.0\opentest4j-1.3.0.jar;C:\Users\souraj.khadka\.m2\repository\org\junit\platform\junit-platform-commons\1.10.1\junit-platform-commons-1.10.1.jar;C:\Users\souraj.khadka\.m2\repository\org\reactivestreams\reactive-streams\1.0.4\reactive-streams-1.0.4.jar;C:\Users\souraj.khadka\.gradle\caches\modules-2\files-2.1\io.projectreactor.netty\reactor-netty-core\1.1.15\3221d405ad55a573cf29875a8244a4217cf07185\reactor-netty-core-1.1.15.jar;C:\Users\souraj.khadka\.gradle\caches\modules-2\files-2.1\io.netty\netty-codec-http2\4.1.105.Final\7c558b1ea68a2385b250191ad5ecb0f4afb2d866\netty-codec-http2-4.1.105.Final.jar;C:\Users\souraj.khadka\.gradle\caches\modules-2\files-2.1\io.netty\netty-codec-http\4.1.105.Final\bc8bc7b5384fb3dcb467d2a44159282935328779\netty-codec-http-4.1.105.Final.jar;C:\Users\souraj.khadka\.gradle\caches\modules-2\files-2.1\io.netty\netty-resolver-dns-native-macos\4.1.105.Final\1c3b820b9f44c26a65dec438a731f8c9bf64004\netty-resolver-dns-native-macos-4.1.105.Final-osx-x86_64.jar;C:\Users\souraj.khadka\.gradle\caches\modules-2\files-2.1\io.netty\netty-resolver-dns\4.1.105.Final\719fa5bccd87bd3286fc0655a6c3b61cb539e334\netty-resolver-dns-4.1.105.Final.jar;C:\Users\souraj.khadka\.gradle\caches\modules-2\files-2.1\io.netty\netty-transport-native-epoll\4.1.105.Final\8d20e17cff9ec1aaa3bb133ae7cb339c991bc105\netty-transport-native-epoll-4.1.105.Final-linux-x86_64.jar;C:\Users\souraj.khadka\.m2\repository\io\swagger\core\v3\swagger-core-jakarta\2.2.19\swagger-core-jakarta-2.2.19.jar;C:\Users\souraj.khadka\.m2\repository\ch\qos\logback\logback-core\1.4.14\logback-core-1.4.14.jar;C:\Users\souraj.khadka\.m2\repository\org\apache\logging\log4j\log4j-api\2.21.1\log4j-api-2.21.1.jar;C:\Users\souraj.khadka\.gradle\caches\modules-2\files-2.1\io.netty\netty-handler-proxy\4.1.105.Final\19a5b78164c6a5a0464586c1e1ac5695cc79844c\netty-handler-proxy-4.1.105.Final.jar;C:\Users\souraj.khadka\.gradle\caches\modules-2\files-2.1\io.netty\netty-handler\4.1.105.Final\7e997e63d0a445c4b352bcd38474d50f06f2eaf1\netty-handler-4.1.105.Final.jar;C:\Users\souraj.khadka\.gradle\caches\modules-2\files-2.1\io.netty\netty-codec\4.1.105.Final\4733830b4b2b9111e9bf8136691d07b20027cd51\netty-codec-4.1.105.Final.jar;C:\Users\souraj.khadka\.gradle\caches\modules-2\files-2.1\io.netty\netty-transport\4.1.105.Final\5184e1308ed7d853d7061b4e21e47e8de43a28df\netty-transport-4.1.105.Final.jar;C:\Users\souraj.khadka\.gradle\caches\modules-2\files-2.1\io.netty\netty-buffer\4.1.105.Final\c1c1b4d2c89d2f74c80a2701c124ecfde1ecf067\netty-buffer-4.1.105.Final.jar;C:\Users\souraj.khadka\.gradle\caches\modules-2\files-2.1\io.netty\netty-common\4.1.105.Final\8438fc1de4c10301bb53ceb49ed8db74bd40cc2c\netty-common-4.1.105.Final.jar;C:\Users\souraj.khadka\.gradle\caches\modules-2\files-2.1\io.netty\netty-resolver-dns-classes-macos\4.1.105.Final\91c67d50bad110e1430b9dbda0f10a7768e2e13c\netty-resolver-dns-classes-macos-4.1.105.Final.jar;C:\Users\souraj.khadka\.gradle\caches\modules-2\files-2.1\io.netty\netty-codec-dns\4.1.105.Final\81a24958441b3f27c3404706202388202690416d\netty-codec-dns-4.1.105.Final.jar;C:\Users\souraj.khadka\.gradle\caches\modules-2\files-2.1\io.netty\netty-resolver\4.1.105.Final\e69687e013ded60f3f9054164e121c2702200711\netty-resolver-4.1.105.Final.jar;C:\Users\souraj.khadka\.gradle\caches\modules-2\files-2.1\io.netty\netty-transport-classes-epoll\4.1.105.Final\e006d3b0cfd5b8133c9fcebfa05d9ae80a721e80\netty-transport-classes-epoll-4.1.105.Final.jar;C:\Users\souraj.khadka\.gradle\caches\modules-2\files-2.1\io.netty\netty-transport-native-unix-common\4.1.105.Final\8bb8ab3a8f1e730c6e7d1d1cf8fc24221eacc6cd\netty-transport-native-unix-common-4.1.105.Final.jar;C:\Users\souraj.khadka\.m2\repository\com\fasterxml\jackson\dataformat\jackson-dataformat-yaml\2.15.3\jackson-dataformat-yaml-2.15.3.jar;C:\Users\souraj.khadka\.m2\repository\io\swagger\core\v3\swagger-models-jakarta\2.2.19\swagger-models-jakarta-2.2.19.jar;C:\Users\souraj.khadka\.m2\repository\org\apache\commons\commons-lang3\3.13.0\commons-lang3-3.13.0.jar;C:\Users\souraj.khadka\.m2\repository\io\swagger\core\v3\swagger-annotations-jakarta\2.2.19\swagger-annotations-jakarta-2.2.19.jar;C:\Users\souraj.khadka\.gradle\caches\modules-2\files-2.1\io.netty\netty-codec-socks\4.1.105.Final\47570154d4cf9d8d9569a25ec1929d8ad1b0fa68\netty-codec-socks-4.1.105.Final.jar;C:\Users\souraj.khadka\.m2\repository\org\postgresql\postgresql\42.6.0\postgresql-42.6.0.jar;C:\Users\souraj.khadka\.m2\repository\org\checkerframework\checker-qual\3.31.0\checker-qual-3.31.0.jar;C:\Users\souraj.khadka\.m2\repository\org\junit\jupiter\junit-jupiter-engine\5.10.1\junit-jupiter-engine-5.10.1.jar;C:\Users\souraj.khadka\.m2\repository\org\objenesis\objenesis\3.3\objenesis-3.3.jar;C:\Users\souraj.khadka\.m2\repository\org\glassfish\jaxb\jaxb-runtime\4.0.4\jaxb-runtime-4.0.4.jar;C:\Users\souraj.khadka\.m2\repository\org\hibernate\common\hibernate-commons-annotations\6.0.6.Final\hibernate-commons-annotations-6.0.6.Final.jar;C:\Users\souraj.khadka\.m2\repository\io\smallrye\jandex\3.1.2\jandex-3.1.2.jar;C:\Users\souraj.khadka\.m2\repository\jakarta\inject\jakarta.inject-api\2.0.1\jakarta.inject-api-2.0.1.jar;C:\Users\souraj.khadka\.m2\repository\org\junit\platform\junit-platform-engine\1.10.1\junit-platform-engine-1.10.1.jar;C:\Users\souraj.khadka\.m2\repository\org\glassfish\jaxb\jaxb-core\4.0.4\jaxb-core-4.0.4.jar;C:\Users\souraj.khadka\.m2\repository\org\eclipse\angus\angus-activation\2.0.1\angus-activation-2.0.1.jar;C:\Users\souraj.khadka\.m2\repository\org\glassfish\jaxb\txw2\4.0.4\txw2-4.0.4.jar;C:\Users\souraj.khadka\.m2\repository\com\sun\istack\istack-commons-runtime\4.1.2\istack-commons-runtime-4.1.2.jar
Launcher Type: SUN_STANDARD

[Global flags]
     intx CICompilerCount                          = 3                                         {product} {ergonomic}
     uint ConcGCThreads                            = 1                                         {product} {ergonomic}
     uint G1ConcRefinementThreads                  = 4                                         {product} {ergonomic}
   size_t G1HeapRegionSize                         = 2097152                                   {product} {ergonomic}
    uintx GCDrainStackTargetSize                   = 64                                        {product} {ergonomic}
   size_t InitialHeapSize                          = 268435456                                 {product} {ergonomic}
     bool ManagementServer                         = true                                      {product} {command line}
   size_t MarkStackSize                            = 4194304                                   {product} {ergonomic}
   size_t MaxHeapSize                              = 4265607168                                {product} {ergonomic}
   size_t MinHeapDeltaBytes                        = 2097152                                   {product} {ergonomic}
   size_t MinHeapSize                              = 8388608                                   {product} {ergonomic}
    uintx NonNMethodCodeHeapSize                   = 4096                                   {pd product} {ergonomic}
    uintx NonProfiledCodeHeapSize                  = 0                                      {pd product} {ergonomic}
     bool ProfileInterpreter                       = false                                  {pd product} {command line}
    uintx ProfiledCodeHeapSize                     = 0                                      {pd product} {ergonomic}
   size_t SoftMaxHeapSize                          = 4265607168                             {manageable} {ergonomic}
     intx TieredStopAtLevel                        = 1                                         {product} {command line}
     bool UseCompressedOops                        = true                           {product lp64_product} {ergonomic}
     bool UseG1GC                                  = true                                      {product} {ergonomic}
     bool UseLargePagesIndividualAllocation        = false                                  {pd product} {ergonomic}

Logging:
Log output configuration:
 #0: stdout all=warning uptime,level,tags foldmultilines=false
 #1: stderr all=off uptime,level,tags foldmultilines=false

Environment Variables:
JAVA_HOME=D:\java1.8
PATH=C:\Program Files\Common Files\Oracle\Java\javapath;C:\Program Files (x86)\OpenLogic\jre-8.0.382.05-hotspot\bin;C:\Windows\system32;C:\Windows;C:\Windows\System32\Wbem;C:\Windows\System32\WindowsPowerShell\v1.0\;C:\Windows\System32\OpenSSH\;C:\Program Files\Git\cmd;D:\Program Files\nodejs\;C:\Program Files\dotnet\;C:\Program Files (x86)\java\jdk\jdk-8.0.382.05\bin;D:\apache-maven-3.8.8\bin;D:\java1.8\bin;;C:\Program Files\Docker\Docker\resources\bin;C:\Users\souraj.khadka\AppData\Local\Microsoft\WindowsApps;;C:\Program Files\JetBrains\IntelliJ IDEA Community Edition 2023.3.3\bin;;C:\Program Files\JetBrains\IntelliJ IDEA 2023.3.6\bin;
USERNAME=souraj.khadka
OS=Windows_NT
PROCESSOR_IDENTIFIER=Intel64 Family 6 Model 142 Stepping 9, GenuineIntel
TMP=C:\Users\SOURAJ~1.KHA\AppData\Local\Temp
TEMP=C:\Users\SOURAJ~1.KHA\AppData\Local\Temp




Periodic native trim disabled

---------------  S Y S T E M  ---------------

OS:
 Windows 10 , 64 bit Build 19041 (10.0.19041.3636)
OS uptime: 3 days 7:44 hours
Hyper-V role detected

CPU: total 4 (initial active 4) (2 cores per cpu, 2 threads per core) family 6 model 142 stepping 9 microcode 0xb4, cx8, cmov, fxsr, ht, mmx, 3dnowpref, sse, sse2, sse3, ssse3, sse4.1, sse4.2, popcnt, lzcnt, tsc, tscinvbit, avx, avx2, aes, erms, clmul, bmi1, bmi2, adx, fma, vzeroupper, clflush, clflushopt, hv, rdtscp, f16c
Processor Information for all 4 processors :
  Max Mhz: 2701, Current Mhz: 2400, Mhz Limit: 2376

Memory: 4k page, system-wide physical 16264M (69M free)
TotalPageFile size 20359M (AvailPageFile size 194M)
current process WorkingSet (physical memory assigned to process): 13M, peak: 13M
current process commit charge ("private bytes"): 50M, peak: 306M

vm_info: Java HotSpot(TM) 64-Bit Server VM (21.0.2+13-LTS-58) for windows-amd64 JRE (21.0.2+13-LTS-58), built on 2024-01-05T18:32:24Z by "mach5one" with MS VC++ 17.1 (VS2022)

END.
